<?xml version="1.0" encoding="UTF-8"?>
<!-- Generated by org.testng.reporters.JUnitXMLReporter -->
<testsuite ignored="0" hostname="LAPTOP-T68AKTGQ" failures="1" tests="1" name="Test" time="111.492" errors="0" timestamp="2024-04-07T15:05:22 IST">
  <testcase classname="testCases.TC_004_SearchProductTest" name="verify_pruductSearch" time="65.747">
    <failure type="java.lang.AssertionError" message="The searched product exist expected [true] but found [false]">
      <![CDATA[java.lang.AssertionError: The searched product exist expected [true] but found [false]
at testCases.TC_004_SearchProductTest.verify_pruductSearch(TC_004_SearchProductTest.java:29)
at java.base/java.util.ArrayList.forEach(ArrayList.java:1596)
... Removed 31 stack frames]]>
    </failure>
  </testcase> <!-- verify_pruductSearch -->
</testsuite> <!-- Test -->
