<?xml version="1.0" encoding="UTF-8"?>
<!-- Generated by org.testng.reporters.JUnitXMLReporter -->
<testsuite ignored="0" hostname="LAPTOP-T68AKTGQ" failures="0" tests="7" name="Test" time="75.925" errors="0" timestamp="2024-04-08T01:14:30 IST">
  <testcase classname="testCases.TC_001_AccountRegistrationTest" name="verify_account_registration" time="3.766"/>
  <testcase classname="testCases.TC_002_LoginTest" name="verify_login" time="15.347"/>
  <testcase classname="testCases.TC_003_LoginDDT" name="verify_loginDDT" time="3.302"/>
  <testcase classname="testCases.TC_003_LoginDDT" name="verify_loginDDT" time="11.024"/>
  <testcase classname="testCases.TC_003_LoginDDT" name="verify_loginDDT" time="11.085"/>
  <testcase classname="testCases.TC_003_LoginDDT" name="verify_loginDDT" time="10.964"/>
  <testcase classname="testCases.TC_003_LoginDDT" name="verify_loginDDT" time="2.266"/>
</testsuite> <!-- Test -->
