<?xml version="1.0" encoding="UTF-8"?>
<testng-results ignored="0" total="7" passed="7" failed="0" skipped="0">
  <reporter-output>
  </reporter-output>
  <suite started-at="2024-04-08T01:13:08 IST" name="Suite" finished-at="2024-04-08T01:14:24 IST" duration-ms="75925">
    <groups>
      <group name="regression">
        <method signature="TC_001_AccountRegistrationTest.verify_account_registration()[pri:0, instance:testCases.TC_001_AccountRegistrationTest@49872d67]" name="verify_account_registration" class="testCases.TC_001_AccountRegistrationTest"/>
        <method signature="TC_003_LoginDDT.verify_loginDDT(java.lang.String,java.lang.String,java.lang.String)[pri:0, instance:testCases.TC_003_LoginDDT@753432a2]" name="verify_loginDDT" class="testCases.TC_003_LoginDDT"/>
      </group> <!-- regression -->
      <group name="sanity">
        <method signature="TC_002_LoginTest.verify_login()[pri:0, instance:testCases.TC_002_LoginTest@34f7234e]" name="verify_login" class="testCases.TC_002_LoginTest"/>
      </group> <!-- sanity -->
      <group name="master">
        <method signature="TC_001_AccountRegistrationTest.verify_account_registration()[pri:0, instance:testCases.TC_001_AccountRegistrationTest@49872d67]" name="verify_account_registration" class="testCases.TC_001_AccountRegistrationTest"/>
        <method signature="TC_002_LoginTest.verify_login()[pri:0, instance:testCases.TC_002_LoginTest@34f7234e]" name="verify_login" class="testCases.TC_002_LoginTest"/>
        <method signature="TC_003_LoginDDT.verify_loginDDT(java.lang.String,java.lang.String,java.lang.String)[pri:0, instance:testCases.TC_003_LoginDDT@753432a2]" name="verify_loginDDT" class="testCases.TC_003_LoginDDT"/>
      </group> <!-- master -->
    </groups>
    <test started-at="2024-04-08T01:13:08 IST" name="Test" finished-at="2024-04-08T01:14:24 IST" duration-ms="75925">
      <class name="testCases.TC_001_AccountRegistrationTest">
        <test-method is-config="true" signature="setup(java.lang.String,java.lang.String)[pri:0, instance:testCases.TC_001_AccountRegistrationTest@49872d67]" started-at="2024-04-08T01:13:08 IST" name="setup" finished-at="2024-04-08T01:13:15 IST" duration-ms="6582" status="PASS">
          <params>
            <param index="0">
              <value>
                <![CDATA[windows]]>
              </value>
            </param>
            <param index="1">
              <value>
                <![CDATA[chrome]]>
              </value>
            </param>
          </params>
          <reporter-output>
          </reporter-output>
        </test-method> <!-- setup -->
        <test-method signature="verify_account_registration()[pri:0, instance:testCases.TC_001_AccountRegistrationTest@49872d67]" started-at="2024-04-08T01:13:15 IST" name="verify_account_registration" finished-at="2024-04-08T01:13:19 IST" duration-ms="3766" status="PASS">
          <reporter-output>
          </reporter-output>
        </test-method> <!-- verify_account_registration -->
        <test-method is-config="true" signature="tearDown()[pri:0, instance:testCases.TC_001_AccountRegistrationTest@49872d67]" started-at="2024-04-08T01:13:19 IST" name="tearDown" finished-at="2024-04-08T01:13:19 IST" duration-ms="344" status="PASS">
          <reporter-output>
          </reporter-output>
        </test-method> <!-- tearDown -->
      </class> <!-- testCases.TC_001_AccountRegistrationTest -->
      <class name="testCases.TC_002_LoginTest">
        <test-method is-config="true" signature="setup(java.lang.String,java.lang.String)[pri:0, instance:testCases.TC_002_LoginTest@34f7234e]" started-at="2024-04-08T01:13:19 IST" name="setup" finished-at="2024-04-08T01:13:23 IST" duration-ms="3672" status="PASS">
          <params>
            <param index="0">
              <value>
                <![CDATA[windows]]>
              </value>
            </param>
            <param index="1">
              <value>
                <![CDATA[chrome]]>
              </value>
            </param>
          </params>
          <reporter-output>
          </reporter-output>
        </test-method> <!-- setup -->
        <test-method signature="verify_login()[pri:0, instance:testCases.TC_002_LoginTest@34f7234e]" started-at="2024-04-08T01:13:23 IST" name="verify_login" finished-at="2024-04-08T01:13:38 IST" duration-ms="15347" status="PASS">
          <reporter-output>
          </reporter-output>
        </test-method> <!-- verify_login -->
        <test-method is-config="true" signature="tearDown()[pri:0, instance:testCases.TC_002_LoginTest@34f7234e]" started-at="2024-04-08T01:13:38 IST" name="tearDown" finished-at="2024-04-08T01:13:39 IST" duration-ms="409" status="PASS">
          <reporter-output>
          </reporter-output>
        </test-method> <!-- tearDown -->
      </class> <!-- testCases.TC_002_LoginTest -->
      <class name="testCases.TC_003_LoginDDT">
        <test-method is-config="true" signature="setup(java.lang.String,java.lang.String)[pri:0, instance:testCases.TC_003_LoginDDT@753432a2]" started-at="2024-04-08T01:13:39 IST" name="setup" finished-at="2024-04-08T01:13:42 IST" duration-ms="3504" status="PASS">
          <params>
            <param index="0">
              <value>
                <![CDATA[windows]]>
              </value>
            </param>
            <param index="1">
              <value>
                <![CDATA[chrome]]>
              </value>
            </param>
          </params>
          <reporter-output>
          </reporter-output>
        </test-method> <!-- setup -->
        <test-method signature="verify_loginDDT(java.lang.String,java.lang.String,java.lang.String)[pri:0, instance:testCases.TC_003_LoginDDT@753432a2]" started-at="2024-04-08T01:13:45 IST" name="verify_loginDDT" data-provider="LoginData" finished-at="2024-04-08T01:13:48 IST" duration-ms="3302" status="PASS">
          <params>
            <param index="0">
              <value>
                <![CDATA[loguswa1329@gmail.com]]>
              </value>
            </param>
            <param index="1">
              <value>
                <![CDATA[swalogu@1329]]>
              </value>
            </param>
            <param index="2">
              <value>
                <![CDATA[Valid]]>
              </value>
            </param>
          </params>
          <reporter-output>
          </reporter-output>
        </test-method> <!-- verify_loginDDT -->
        <test-method signature="verify_loginDDT(java.lang.String,java.lang.String,java.lang.String)[pri:0, instance:testCases.TC_003_LoginDDT@753432a2]" started-at="2024-04-08T01:13:48 IST" name="verify_loginDDT" data-provider="LoginData" finished-at="2024-04-08T01:13:59 IST" duration-ms="11024" status="PASS">
          <params>
            <param index="0">
              <value>
                <![CDATA[lakshmi@yahoo.com]]>
              </value>
            </param>
            <param index="1">
              <value>
                <![CDATA[Laxmi]]>
              </value>
            </param>
            <param index="2">
              <value>
                <![CDATA[Invalid]]>
              </value>
            </param>
          </params>
          <reporter-output>
          </reporter-output>
        </test-method> <!-- verify_loginDDT -->
        <test-method signature="verify_loginDDT(java.lang.String,java.lang.String,java.lang.String)[pri:0, instance:testCases.TC_003_LoginDDT@753432a2]" started-at="2024-04-08T01:13:59 IST" name="verify_loginDDT" data-provider="LoginData" finished-at="2024-04-08T01:14:10 IST" duration-ms="11085" status="PASS">
          <params>
            <param index="0">
              <value>
                <![CDATA[pooja@yahoo.com]]>
              </value>
            </param>
            <param index="1">
              <value>
                <![CDATA[pooja]]>
              </value>
            </param>
            <param index="2">
              <value>
                <![CDATA[Invalid]]>
              </value>
            </param>
          </params>
          <reporter-output>
          </reporter-output>
        </test-method> <!-- verify_loginDDT -->
        <test-method signature="verify_loginDDT(java.lang.String,java.lang.String,java.lang.String)[pri:0, instance:testCases.TC_003_LoginDDT@753432a2]" started-at="2024-04-08T01:14:10 IST" name="verify_loginDDT" data-provider="LoginData" finished-at="2024-04-08T01:14:21 IST" duration-ms="10964" status="PASS">
          <params>
            <param index="0">
              <value>
                <![CDATA[laks@yahoo.com]]>
              </value>
            </param>
            <param index="1">
              <value>
                <![CDATA[xyz]]>
              </value>
            </param>
            <param index="2">
              <value>
                <![CDATA[Invalid]]>
              </value>
            </param>
          </params>
          <reporter-output>
          </reporter-output>
        </test-method> <!-- verify_loginDDT -->
        <test-method signature="verify_loginDDT(java.lang.String,java.lang.String,java.lang.String)[pri:0, instance:testCases.TC_003_LoginDDT@753432a2]" started-at="2024-04-08T01:14:21 IST" name="verify_loginDDT" data-provider="LoginData" finished-at="2024-04-08T01:14:24 IST" duration-ms="2266" status="PASS">
          <params>
            <param index="0">
              <value>
                <![CDATA[swathi@gmail.com]]>
              </value>
            </param>
            <param index="1">
              <value>
                <![CDATA[swalogu@1329]]>
              </value>
            </param>
            <param index="2">
              <value>
                <![CDATA[Valid]]>
              </value>
            </param>
          </params>
          <reporter-output>
          </reporter-output>
        </test-method> <!-- verify_loginDDT -->
        <test-method is-config="true" signature="tearDown()[pri:0, instance:testCases.TC_003_LoginDDT@753432a2]" started-at="2024-04-08T01:14:24 IST" name="tearDown" finished-at="2024-04-08T01:14:24 IST" duration-ms="335" status="PASS">
          <reporter-output>
          </reporter-output>
        </test-method> <!-- tearDown -->
      </class> <!-- testCases.TC_003_LoginDDT -->
    </test> <!-- Test -->
  </suite> <!-- Suite -->
</testng-results>
